#
# There is insufficient memory for the Java Runtime Environment to continue.
# Native memory allocation (malloc) failed to allocate 497456 bytes for Chunk::new
# Possible reasons:
#   The system is out of physical RAM or swap space
#   The process is running with CompressedOops enabled, and the Java Heap may be blocking the growth of the native heap
# Possible solutions:
#   Reduce memory load on the system
#   Increase physical memory or swap space
#   Check if swap backing store is full
#   Decrease Java heap size (-Xmx/-Xms)
#   Decrease number of Java threads
#   Decrease Java thread stack sizes (-Xss)
#   Set larger code cache with -XX:ReservedCodeCacheSize=
#   JVM is running with Unscaled Compressed Oops mode in which the Java heap is
#     placed in the first 4GB address space. The Java Heap base address is the
#     maximum limit for the native heap growth. Please use -XX:HeapBaseMinAddress
#     to set the Java Heap base and to place the Java Heap above 4GB virtual address.
# This output file may be truncated or incomplete.
#
#  Out of Memory Error (allocation.cpp:389), pid=18868, tid=0x0000000000002cc4
#
# JRE version: OpenJDK Runtime Environment (8.0_282-b08) (build 1.8.0_282-b08)
# Java VM: OpenJDK 64-Bit Server VM (25.282-b08 mixed mode windows-amd64 compressed oops)
# Failed to write core dump. Minidumps are not enabled by default on client versions of Windows
#

---------------  T H R E A D  ---------------

Current thread (0x00000000162cf000):  JavaThread "C2 CompilerThread2" daemon [_thread_in_native, id=11460, stack(0x0000000016da0000,0x0000000016ea0000)]

Stack: [0x0000000016da0000,0x0000000016ea0000]
[error occurred during error reporting (printing stack bounds), id 0xc0000005]

Native frames: (J=compiled Java code, j=interpreted, Vv=VM code, C=native code)


Current CompileTask:
C2:  12191 4203       4       org.objectweb.asm.SymbolTable::addConstantMemberReference (147 bytes)


---------------  P R O C E S S  ---------------

Java Threads: ( => current thread )
  0x0000000017799800 JavaThread "pool-1-thread-1" [_thread_blocked, id=18008, stack(0x00000000266c0000,0x00000000267c0000)]
  0x0000000017797000 JavaThread "jar transforms Thread 92" [_thread_blocked, id=608, stack(0x00000000263c0000,0x00000000264c0000)]
  0x000000001778f000 JavaThread "jar transforms Thread 91" [_thread_blocked, id=13688, stack(0x00000000262c0000,0x00000000263c0000)]
  0x0000000017792800 JavaThread "jar transforms Thread 90" [_thread_blocked, id=5776, stack(0x00000000261c0000,0x00000000262c0000)]
  0x0000000017795800 JavaThread "jar transforms Thread 89" [_thread_blocked, id=14340, stack(0x00000000260c0000,0x00000000261c0000)]
  0x000000001778d000 JavaThread "jar transforms Thread 88" [_thread_blocked, id=3380, stack(0x0000000025fc0000,0x00000000260c0000)]
  0x000000001778e800 JavaThread "jar transforms Thread 87" [_thread_blocked, id=16208, stack(0x0000000025ec0000,0x0000000025fc0000)]
  0x0000000017791800 JavaThread "jar transforms Thread 86" [_thread_blocked, id=3292, stack(0x0000000025dc0000,0x0000000025ec0000)]
  0x0000000017793000 JavaThread "jar transforms Thread 85" [_thread_blocked, id=4484, stack(0x0000000025cc0000,0x0000000025dc0000)]
  0x0000000017790000 JavaThread "jar transforms Thread 84" [_thread_blocked, id=7812, stack(0x0000000025bc0000,0x0000000025cc0000)]
  0x0000000017794000 JavaThread "jar transforms Thread 83" [_thread_blocked, id=14892, stack(0x0000000025ac0000,0x0000000025bc0000)]
  0x000000001778d800 JavaThread "jar transforms Thread 82" [_thread_blocked, id=528, stack(0x00000000259c0000,0x0000000025ac0000)]
  0x0000000017790800 JavaThread "jar transforms Thread 81" [_thread_blocked, id=18032, stack(0x00000000258c0000,0x00000000259c0000)]
  0x0000000017e57000 JavaThread "jar transforms Thread 80" [_thread_blocked, id=20216, stack(0x00000000257c0000,0x00000000258c0000)]
  0x0000000017e56800 JavaThread "jar transforms Thread 79" [_thread_blocked, id=13296, stack(0x00000000255c0000,0x00000000256c0000)]
  0x0000000017e55800 JavaThread "jar transforms Thread 78" [_thread_blocked, id=14376, stack(0x00000000254c0000,0x00000000255c0000)]
  0x0000000017e4e000 JavaThread "jar transforms Thread 77" [_thread_blocked, id=19572, stack(0x00000000253c0000,0x00000000254c0000)]
  0x0000000017e55000 JavaThread "jar transforms Thread 76" [_thread_blocked, id=32, stack(0x00000000252c0000,0x00000000253c0000)]
  0x0000000017e52800 JavaThread "jar transforms Thread 75" [_thread_blocked, id=9404, stack(0x00000000251c0000,0x00000000252c0000)]
  0x0000000017e4d000 JavaThread "jar transforms Thread 74" [_thread_blocked, id=17032, stack(0x00000000250c0000,0x00000000251c0000)]
  0x0000000017e51800 JavaThread "jar transforms Thread 73" [_thread_blocked, id=320, stack(0x0000000024fc0000,0x00000000250c0000)]
  0x0000000017e54000 JavaThread "jar transforms Thread 72" [_thread_blocked, id=15244, stack(0x0000000024ec0000,0x0000000024fc0000)]
  0x0000000017e53800 JavaThread "jar transforms Thread 71" [_thread_blocked, id=13008, stack(0x0000000024dc0000,0x0000000024ec0000)]
  0x0000000017e4a000 JavaThread "jar transforms Thread 70" [_thread_blocked, id=10504, stack(0x0000000024cc0000,0x0000000024dc0000)]
  0x0000000017e51000 JavaThread "jar transforms Thread 69" [_thread_blocked, id=17004, stack(0x0000000024bc0000,0x0000000024cc0000)]
  0x0000000017e4c000 JavaThread "jar transforms Thread 68" [_thread_blocked, id=13468, stack(0x0000000024ac0000,0x0000000024bc0000)]
  0x0000000017e4b800 JavaThread "jar transforms Thread 67" [_thread_blocked, id=2316, stack(0x00000000249c0000,0x0000000024ac0000)]
  0x0000000017e50000 JavaThread "jar transforms Thread 66" [_thread_blocked, id=11816, stack(0x00000000248c0000,0x00000000249c0000)]
  0x0000000017e49000 JavaThread "jar transforms Thread 65" [_thread_blocked, id=20304, stack(0x00000000247c0000,0x00000000248c0000)]
  0x0000000017e4f800 JavaThread "jar transforms Thread 64" [_thread_blocked, id=1008, stack(0x00000000246c0000,0x00000000247c0000)]
  0x0000000017e4a800 JavaThread "jar transforms Thread 63" [_thread_blocked, id=14924, stack(0x00000000245c0000,0x00000000246c0000)]
  0x0000000017e48800 JavaThread "jar transforms Thread 62" [_thread_blocked, id=20112, stack(0x00000000244c0000,0x00000000245c0000)]
  0x0000000017e4e800 JavaThread "jar transforms Thread 61" [_thread_blocked, id=18676, stack(0x00000000243c0000,0x00000000244c0000)]
  0x000000001e1f1000 JavaThread "jar transforms Thread 60" [_thread_blocked, id=8904, stack(0x00000000242c0000,0x00000000243c0000)]
  0x000000001e1ee800 JavaThread "jar transforms Thread 59" [_thread_blocked, id=11020, stack(0x00000000241c0000,0x00000000242c0000)]
  0x000000001e1ef000 JavaThread "jar transforms Thread 58" [_thread_blocked, id=16560, stack(0x00000000240c0000,0x00000000241c0000)]
  0x000000001e1f0000 JavaThread "jar transforms Thread 57" [_thread_blocked, id=8592, stack(0x0000000023fc0000,0x00000000240c0000)]
  0x000000001e1f1800 JavaThread "jar transforms Thread 56" [_thread_blocked, id=5316, stack(0x0000000023ec0000,0x0000000023fc0000)]
  0x000000001e1f2800 JavaThread "jar transforms Thread 55" [_thread_blocked, id=18164, stack(0x0000000023dc0000,0x0000000023ec0000)]
  0x000000001e1e6800 JavaThread "jar transforms Thread 54" [_thread_blocked, id=2736, stack(0x0000000023cc0000,0x0000000023dc0000)]
  0x000000001e1ed800 JavaThread "jar transforms Thread 53" [_thread_blocked, id=12996, stack(0x0000000023bc0000,0x0000000023cc0000)]
  0x000000001e1ed000 JavaThread "jar transforms Thread 52" [_thread_blocked, id=9936, stack(0x0000000023ac0000,0x0000000023bc0000)]
  0x000000001e1e6000 JavaThread "jar transforms Thread 51" [_thread_blocked, id=14412, stack(0x00000000239c0000,0x0000000023ac0000)]
  0x000000001e1e5000 JavaThread "jar transforms Thread 50" [_thread_blocked, id=8304, stack(0x00000000238c0000,0x00000000239c0000)]
  0x000000001e1ec000 JavaThread "jar transforms Thread 49" [_thread_blocked, id=18208, stack(0x00000000237c0000,0x00000000238c0000)]
  0x000000001e1eb800 JavaThread "jar transforms Thread 48" [_thread_blocked, id=19480, stack(0x00000000236c0000,0x00000000237c0000)]
  0x000000001e1e9800 JavaThread "jar transforms Thread 47" [_thread_blocked, id=15092, stack(0x00000000235c0000,0x00000000236c0000)]
  0x000000001e1e3800 JavaThread "jar transforms Thread 46" [_thread_blocked, id=18668, stack(0x00000000234c0000,0x00000000235c0000)]
  0x000000001e1e7800 JavaThread "jar transforms Thread 45" [_thread_blocked, id=6240, stack(0x00000000233c0000,0x00000000234c0000)]
  0x000000001e1e8000 JavaThread "jar transforms Thread 44" [_thread_blocked, id=17260, stack(0x00000000232c0000,0x00000000233c0000)]
  0x000000001e1ea800 JavaThread "jar transforms Thread 43" [_thread_blocked, id=14800, stack(0x00000000231c0000,0x00000000232c0000)]
  0x000000001e1e4000 JavaThread "jar transforms Thread 42" [_thread_blocked, id=17304, stack(0x00000000230c0000,0x00000000231c0000)]
  0x000000001e1e9000 JavaThread "jar transforms Thread 41" [_thread_blocked, id=12600, stack(0x0000000022fc0000,0x00000000230c0000)]
  0x000000001c2dd000 JavaThread "jar transforms Thread 40" [_thread_blocked, id=14312, stack(0x0000000022ec0000,0x0000000022fc0000)]
  0x000000001c2db800 JavaThread "jar transforms Thread 39" [_thread_blocked, id=12776, stack(0x0000000022dc0000,0x0000000022ec0000)]
  0x000000001c2da000 JavaThread "jar transforms Thread 38" [_thread_blocked, id=10412, stack(0x0000000022cc0000,0x0000000022dc0000)]
  0x000000001c2dc000 JavaThread "jar transforms Thread 37" [_thread_blocked, id=18140, stack(0x0000000022bc0000,0x0000000022cc0000)]
  0x000000001c2da800 JavaThread "jar transforms Thread 36" [_thread_blocked, id=2096, stack(0x0000000022ac0000,0x0000000022bc0000)]
  0x000000001c2d9000 JavaThread "jar transforms Thread 35" [_thread_blocked, id=12744, stack(0x00000000229c0000,0x0000000022ac0000)]
  0x000000001c2d8800 JavaThread "jar transforms Thread 34" [_thread_blocked, id=16424, stack(0x00000000228c0000,0x00000000229c0000)]
  0x000000001c2de000 JavaThread "jar transforms Thread 33" [_thread_blocked, id=2516, stack(0x00000000227c0000,0x00000000228c0000)]
  0x000000001c2d0800 JavaThread "jar transforms Thread 32" [_thread_blocked, id=16488, stack(0x00000000226c0000,0x00000000227c0000)]
  0x000000001c2d7800 JavaThread "jar transforms Thread 31" [_thread_blocked, id=1392, stack(0x00000000225c0000,0x00000000226c0000)]
  0x000000001c2cf800 JavaThread "jar transforms Thread 30" [_thread_blocked, id=9072, stack(0x00000000224c0000,0x00000000225c0000)]
  0x000000001c2d1000 JavaThread "jar transforms Thread 29" [_thread_blocked, id=15184, stack(0x00000000223c0000,0x00000000224c0000)]
  0x000000001c2d6800 JavaThread "jar transforms Thread 28" [_thread_blocked, id=3128, stack(0x00000000222c0000,0x00000000223c0000)]
  0x000000001c2d6000 JavaThread "jar transforms Thread 27" [_thread_blocked, id=19516, stack(0x00000000221c0000,0x00000000222c0000)]
  0x000000001c2d2000 JavaThread "jar transforms Thread 26" [_thread_blocked, id=18584, stack(0x00000000220c0000,0x00000000221c0000)]
  0x000000001c2cf000 JavaThread "jar transforms Thread 25" [_thread_blocked, id=8964, stack(0x0000000021fc0000,0x00000000220c0000)]
  0x000000001c2d4800 JavaThread "jar transforms Thread 24" [_thread_blocked, id=12132, stack(0x0000000021ec0000,0x0000000021fc0000)]
  0x000000001c2d3800 JavaThread "jar transforms Thread 23" [_thread_blocked, id=19880, stack(0x0000000021dc0000,0x0000000021ec0000)]
  0x000000001c2d3000 JavaThread "jar transforms Thread 22" [_thread_blocked, id=15768, stack(0x0000000021cc0000,0x0000000021dc0000)]
  0x000000001c2d5000 JavaThread "jar transforms Thread 21" [_thread_blocked, id=19628, stack(0x0000000021bc0000,0x0000000021cc0000)]
  0x000000001c271000 JavaThread "jar transforms Thread 20" [_thread_blocked, id=4372, stack(0x0000000021ac0000,0x0000000021bc0000)]
  0x000000001c272000 JavaThread "jar transforms Thread 19" [_thread_blocked, id=6364, stack(0x00000000219c0000,0x0000000021ac0000)]
  0x000000001c270000 JavaThread "jar transforms Thread 18" [_thread_blocked, id=12452, stack(0x00000000218c0000,0x00000000219c0000)]
  0x000000001c272800 JavaThread "jar transforms Thread 17" [_thread_blocked, id=6232, stack(0x00000000217c0000,0x00000000218c0000)]
  0x000000001c273800 JavaThread "jar transforms Thread 16" [_thread_blocked, id=13824, stack(0x00000000216c0000,0x00000000217c0000)]
  0x000000001c268800 JavaThread "jar transforms Thread 15" [_thread_blocked, id=9052, stack(0x00000000215c0000,0x00000000216c0000)]
  0x000000001c26f800 JavaThread "jar transforms Thread 14" [_thread_blocked, id=18504, stack(0x00000000214c0000,0x00000000215c0000)]
  0x000000001c26a000 JavaThread "jar transforms Thread 13" [_thread_blocked, id=13520, stack(0x00000000213c0000,0x00000000214c0000)]
  0x000000001c26e000 JavaThread "jar transforms Thread 12" [_thread_blocked, id=13252, stack(0x00000000212c0000,0x00000000213c0000)]
  0x000000001c26e800 JavaThread "jar transforms Thread 11" [_thread_blocked, id=7728, stack(0x00000000211c0000,0x00000000212c0000)]
  0x000000001c26d000 JavaThread "jar transforms Thread 10" [_thread_blocked, id=5708, stack(0x00000000210c0000,0x00000000211c0000)]
  0x000000001c265000 JavaThread "jar transforms Thread 9" [_thread_blocked, id=16348, stack(0x0000000020fc0000,0x00000000210c0000)]
  0x000000001c26c800 JavaThread "jar transforms Thread 8" [_thread_blocked, id=11240, stack(0x0000000020ec0000,0x0000000020fc0000)]
  0x000000001c269000 JavaThread "jar transforms Thread 7" [_thread_blocked, id=4944, stack(0x0000000020dc0000,0x0000000020ec0000)]
  0x000000001c267000 JavaThread "jar transforms Thread 6" [_thread_blocked, id=16904, stack(0x0000000020cc0000,0x0000000020dc0000)]
  0x000000001c26a800 JavaThread "jar transforms Thread 5" [_thread_blocked, id=15548, stack(0x0000000020bc0000,0x0000000020cc0000)]
  0x000000001c266000 JavaThread "jar transforms Thread 4" [_thread_blocked, id=18592, stack(0x0000000020ac0000,0x0000000020bc0000)]
  0x000000001c26b800 JavaThread "jar transforms Thread 3" [_thread_blocked, id=5956, stack(0x00000000209c0000,0x0000000020ac0000)]
  0x000000001c267800 JavaThread "jar transforms Thread 2" [_thread_blocked, id=15328, stack(0x00000000208c0000,0x00000000209c0000)]
  0x000000001c264800 JavaThread "Build operations Thread 8" [_thread_blocked, id=2512, stack(0x00000000207c0000,0x00000000208c0000)]
  0x0000000017246000 JavaThread "Build operations Thread 7" [_thread_blocked, id=10000, stack(0x00000000206c0000,0x00000000207c0000)]
  0x0000000017245000 JavaThread "Build operations Thread 6" [_thread_blocked, id=8540, stack(0x00000000205c0000,0x00000000206c0000)]
  0x0000000017243800 JavaThread "Build operations Thread 5" [_thread_blocked, id=10448, stack(0x00000000204c0000,0x00000000205c0000)]
  0x0000000017242000 JavaThread "Build operations Thread 4" [_thread_blocked, id=20440, stack(0x00000000203c0000,0x00000000204c0000)]
  0x0000000017240800 JavaThread "Build operations Thread 3" [_thread_blocked, id=16412, stack(0x00000000202c0000,0x00000000203c0000)]
  0x0000000017243000 JavaThread "Build operations Thread 2" [_thread_blocked, id=8676, stack(0x00000000201c0000,0x00000000202c0000)]
  0x0000000017241000 JavaThread "Build operations" [_thread_blocked, id=19464, stack(0x00000000200c0000,0x00000000201c0000)]
  0x0000000017246800 JavaThread "Cache worker for Build Output Cleanup Cache (D:\final project\reactnative\travelook\android\.gradle\buildOutputCleanup)" [_thread_blocked, id=12764, stack(0x000000001fdc0000,0x000000001fec0000)]
  0x0000000017349800 JavaThread "Cache worker for file content cache (C:\Users\HP\.gradle\caches\6.7\fileContent)" [_thread_blocked, id=14684, stack(0x000000001f6c0000,0x000000001f7c0000)]
  0x0000000017349000 JavaThread "jar transforms" [_thread_blocked, id=4576, stack(0x000000001f5c0000,0x000000001f6c0000)]
  0x0000000017346800 JavaThread "Cache worker for execution history cache (C:\Users\HP\.gradle\caches\6.7\executionHistory)" [_thread_blocked, id=2108, stack(0x000000001eec0000,0x000000001efc0000)]
  0x0000000017348000 JavaThread "Cache worker for cache directory md-rule (C:\Users\HP\.gradle\caches\6.7\md-rule)" [_thread_blocked, id=2500, stack(0x000000001edc0000,0x000000001eec0000)]
  0x0000000017347800 JavaThread "Cache worker for cache directory md-supplier (C:\Users\HP\.gradle\caches\6.7\md-supplier)" [_thread_blocked, id=20100, stack(0x000000001eac0000,0x000000001ebc0000)]
  0x0000000017345800 JavaThread "Cache worker for checksums cache (D:\final project\reactnative\travelook\android\.gradle\checksums)" [_thread_blocked, id=4112, stack(0x000000001d910000,0x000000001da10000)]
  0x0000000017345000 JavaThread "Cache worker for file hash cache (D:\final project\reactnative\travelook\android\.gradle\6.7\fileHashes)" [_thread_blocked, id=3612, stack(0x000000001d560000,0x000000001d660000)]
  0x0000000017344000 JavaThread "Cache worker for journal cache (C:\Users\HP\.gradle\caches\journal-1)" [_thread_blocked, id=5348, stack(0x000000001b2c0000,0x000000001b3c0000)]
  0x0000000017343800 JavaThread "File lock request listener" [_thread_in_native, id=15792, stack(0x000000001b1c0000,0x000000001b2c0000)]
  0x0000000017342800 JavaThread "Cache worker for file hash cache (C:\Users\HP\.gradle\caches\6.7\fileHashes)" [_thread_blocked, id=8432, stack(0x000000001b0c0000,0x000000001b1c0000)]
  0x0000000018d2f800 JavaThread "Thread-9" [_thread_blocked, id=17972, stack(0x000000001adc0000,0x000000001aec0000)]
  0x0000000018d6a800 JavaThread "Stdin handler" [_thread_blocked, id=18856, stack(0x000000001acc0000,0x000000001adc0000)]
  0x000000001896e800 JavaThread "Asynchronous log dispatcher for DefaultDaemonConnection: socket connection from /127.0.0.1:61997 to /127.0.0.1:61998" [_thread_blocked, id=20080, stack(0x000000001abc0000,0x000000001acc0000)]
  0x0000000018d3a000 JavaThread "Daemon worker" [_thread_in_vm, id=10568, stack(0x000000001aac0000,0x000000001abc0000)]
  0x0000000018969800 JavaThread "Cancel handler" [_thread_blocked, id=9856, stack(0x000000001a8c0000,0x000000001a9c0000)]
  0x0000000018967000 JavaThread "Handler for socket connection from /127.0.0.1:61997 to /127.0.0.1:61998" [_thread_in_native, id=7920, stack(0x000000001a7c0000,0x000000001a8c0000)]
  0x0000000018cdf800 JavaThread "Daemon" [_thread_blocked, id=2256, stack(0x000000001a4c0000,0x000000001a5c0000)]
  0x0000000018cbc800 JavaThread "Daemon periodic checks" [_thread_blocked, id=3408, stack(0x000000001a3c0000,0x000000001a4c0000)]
  0x0000000018936800 JavaThread "Incoming local TCP Connector on port 61997" [_thread_in_native, id=6644, stack(0x000000001a180000,0x000000001a280000)]
  0x0000000018870000 JavaThread "Daemon health stats" [_thread_blocked, id=15844, stack(0x0000000018b70000,0x0000000018c70000)]
  0x0000000016354800 JavaThread "Service Thread" daemon [_thread_blocked, id=16572, stack(0x0000000016fa0000,0x00000000170a0000)]
  0x00000000162d2000 JavaThread "C1 CompilerThread3" daemon [_thread_in_vm, id=1536, stack(0x0000000016ea0000,0x0000000016fa0000)]
=>0x00000000162cf000 JavaThread "C2 CompilerThread2" daemon [_thread_in_native, id=11460, stack(0x0000000016da0000,0x0000000016ea0000)]
  0x00000000162cc000 JavaThread "C2 CompilerThread1" daemon [_thread_in_native, id=9412, stack(0x0000000016ca0000,0x0000000016da0000)]
  0x00000000162ce000 JavaThread "C2 CompilerThread0" daemon [_thread_in_native, id=2416, stack(0x0000000016ba0000,0x0000000016ca0000)]
  0x00000000162c1800 JavaThread "Attach Listener" daemon [_thread_blocked, id=12016, stack(0x0000000016aa0000,0x0000000016ba0000)]
  0x00000000162be000 JavaThread "Signal Dispatcher" daemon [_thread_blocked, id=16496, stack(0x00000000169a0000,0x0000000016aa0000)]
  0x00000000162b1800 JavaThread "Finalizer" daemon [_thread_blocked, id=15684, stack(0x0000000016790000,0x0000000016890000)]
  0x00000000162b0800 JavaThread "Reference Handler" daemon [_thread_blocked, id=7948, stack(0x0000000016690000,0x0000000016790000)]
  0x0000000002b32800 JavaThread "main" [_thread_blocked, id=18128, stack(0x0000000002a00000,0x0000000002b00000)]

Other Threads:
  0x00000000144c7000 VMThread [stack: 0x0000000016190000,0x0000000016290000] [id=14568]
  0x0000000016356000 WatcherThread [stack: 0x00000000170a0000,0x00000000171a0000] [id=13740]

VM state:not at safepoint (normal execution)

VM Mutex/Monitor currently owned by a thread: None

heap address: 0x00000000e0000000, size: 512 MB, Compressed Oops mode: 32-bit
Narrow klass base: 0x0000000000000000, Narrow klass shift: 3
Compressed class space size: 1073741824 Address: 0x0000000100000000

Heap:
 PSYoungGen      total 155648K, used 82490K [0x00000000f5580000, 0x00000000ffc80000, 0x0000000100000000)
  eden space 143360K, 53% used [0x00000000f5580000,0x00000000fa0bb238,0x00000000fe180000)
  from space 12288K, 44% used [0x00000000fee00000,0x00000000ff353848,0x00000000ffa00000)
  to   space 12800K, 0% used [0x00000000fe180000,0x00000000fe180000,0x00000000fee00000)
 ParOldGen       total 175104K, used 16495K [0x00000000e0000000, 0x00000000eab00000, 0x00000000f5580000)
  object space 175104K, 9% used [0x00000000e0000000,0x00000000e101be20,0x00000000eab00000)
 Metaspace       used 44882K, capacity 46794K, committed 46976K, reserved 1089536K
  class space    used 6226K, capacity 6666K, committed 6784K, reserved 1048576K

Card table byte_map: [0x0000000012020000,0x0000000012130000] byte_map_base: 0x0000000011920000

Marking Bits: (ParMarkBitMap*) 0x0000000062d43420
 Begin Bits: [0x00000000129e0000, 0x00000000131e0000)
 End Bits:   [0x00000000131e0000, 0x00000000139e0000)

Polling page: 0x0000000002b00000

CodeCache: size=245760Kb used=12720Kb max_used=12733Kb free=233039Kb
 bounds [0x0000000002c60000, 0x00000000038e0000, 0x0000000011c60000]
 total_blobs=4573 nmethods=3820 adapters=664
 compilation: enabled

Compilation events (10 events):
Event: 12.185 Thread 0x00000000162d2000 nmethod 4233 0x00000000038d2610 code [0x00000000038d2760, 0x00000000038d28f0]
Event: 12.185 Thread 0x00000000162d2000 4234   !   3       com.google.common.util.concurrent.Uninterruptibles::getUninterruptibly (40 bytes)
Event: 12.186 Thread 0x00000000162d2000 nmethod 4234 0x00000000038d2990 code [0x00000000038d2b20, 0x00000000038d3028]
Event: 12.186 Thread 0x00000000162d2000 4235       3       com.google.common.util.concurrent.AbstractFuture$TrustedFuture::get (5 bytes)
Event: 12.186 Thread 0x00000000162d2000 nmethod 4235 0x00000000038d3210 code [0x00000000038d3380, 0x00000000038d3508]
Event: 12.186 Thread 0x00000000162d2000 4236       3       com.google.common.util.concurrent.AbstractFuture::get (167 bytes)
Event: 12.187 Thread 0x00000000162d2000 nmethod 4236 0x00000000038d3590 code [0x00000000038d3840, 0x00000000038d4a48]
Event: 12.187 Thread 0x00000000162d2000 4237       3       com.google.common.util.concurrent.AbstractFuture::getDoneValue (55 bytes)
Event: 12.187 Thread 0x00000000162cc000 4238       4       org.gradle.internal.instantiation.generator.AbstractClassGenerator$InjectionAnnotationValidator::validateMethod (502 bytes)
Event: 12.187 Thread 0x00000000162d2000 nmethod 4237 0x00000000038d50d0 code [0x00000000038d52a0, 0x00000000038d5b48]

GC Heap History (10 events):
Event: 5.167 GC heap before
{Heap before GC invocations=6 (full 1):
 PSYoungGen      total 76288K, used 65536K [0x00000000f5580000, 0x00000000fea80000, 0x0000000100000000)
  eden space 65536K, 100% used [0x00000000f5580000,0x00000000f9580000,0x00000000f9580000)
  from space 10752K, 0% used [0x00000000fa000000,0x00000000fa000000,0x00000000faa80000)
  to   space 10752K, 0% used [0x00000000f9580000,0x00000000f9580000,0x00000000fa000000)
 ParOldGen       total 175104K, used 8113K [0x00000000e0000000, 0x00000000eab00000, 0x00000000f5580000)
  object space 175104K, 4% used [0x00000000e0000000,0x00000000e07ec578,0x00000000eab00000)
 Metaspace       used 28432K, capacity 29274K, committed 29440K, reserved 1075200K
  class space    used 4092K, capacity 4309K, committed 4352K, reserved 1048576K
Event: 5.173 GC heap after
Heap after GC invocations=6 (full 1):
 PSYoungGen      total 76288K, used 8207K [0x00000000f5580000, 0x00000000fcb80000, 0x0000000100000000)
  eden space 65536K, 0% used [0x00000000f5580000,0x00000000f5580000,0x00000000f9580000)
  from space 10752K, 76% used [0x00000000f9580000,0x00000000f9d83dd8,0x00000000fa000000)
  to   space 11776K, 0% used [0x00000000fc000000,0x00000000fc000000,0x00000000fcb80000)
 ParOldGen       total 175104K, used 8121K [0x00000000e0000000, 0x00000000eab00000, 0x00000000f5580000)
  object space 175104K, 4% used [0x00000000e0000000,0x00000000e07ee578,0x00000000eab00000)
 Metaspace       used 28432K, capacity 29274K, committed 29440K, reserved 1075200K
  class space    used 4092K, capacity 4309K, committed 4352K, reserved 1048576K
}
Event: 9.500 GC heap before
{Heap before GC invocations=7 (full 1):
 PSYoungGen      total 76288K, used 73743K [0x00000000f5580000, 0x00000000fcb80000, 0x0000000100000000)
  eden space 65536K, 100% used [0x00000000f5580000,0x00000000f9580000,0x00000000f9580000)
  from space 10752K, 76% used [0x00000000f9580000,0x00000000f9d83dd8,0x00000000fa000000)
  to   space 11776K, 0% used [0x00000000fc000000,0x00000000fc000000,0x00000000fcb80000)
 ParOldGen       total 175104K, used 8121K [0x00000000e0000000, 0x00000000eab00000, 0x00000000f5580000)
  object space 175104K, 4% used [0x00000000e0000000,0x00000000e07ee578,0x00000000eab00000)
 Metaspace       used 32671K, capacity 33746K, committed 33920K, reserved 1079296K
  class space    used 4635K, capacity 4924K, committed 4992K, reserved 1048576K
Event: 9.508 GC heap after
Heap after GC invocations=7 (full 1):
 PSYoungGen      total 103936K, used 10166K [0x00000000f5580000, 0x00000000fca00000, 0x0000000100000000)
  eden space 93696K, 0% used [0x00000000f5580000,0x00000000f5580000,0x00000000fb100000)
  from space 10240K, 99% used [0x00000000fc000000,0x00000000fc9ed958,0x00000000fca00000)
  to   space 12288K, 0% used [0x00000000fb200000,0x00000000fb200000,0x00000000fbe00000)
 ParOldGen       total 175104K, used 8129K [0x00000000e0000000, 0x00000000eab00000, 0x00000000f5580000)
  object space 175104K, 4% used [0x00000000e0000000,0x00000000e07f0578,0x00000000eab00000)
 Metaspace       used 32671K, capacity 33746K, committed 33920K, reserved 1079296K
  class space    used 4635K, capacity 4924K, committed 4992K, reserved 1048576K
}
Event: 9.836 GC heap before
{Heap before GC invocations=8 (full 1):
 PSYoungGen      total 103936K, used 45068K [0x00000000f5580000, 0x00000000fca00000, 0x0000000100000000)
  eden space 93696K, 37% used [0x00000000f5580000,0x00000000f7795a28,0x00000000fb100000)
  from space 10240K, 99% used [0x00000000fc000000,0x00000000fc9ed958,0x00000000fca00000)
  to   space 12288K, 0% used [0x00000000fb200000,0x00000000fb200000,0x00000000fbe00000)
 ParOldGen       total 175104K, used 8129K [0x00000000e0000000, 0x00000000eab00000, 0x00000000f5580000)
  object space 175104K, 4% used [0x00000000e0000000,0x00000000e07f0578,0x00000000eab00000)
 Metaspace       used 34288K, capacity 35472K, committed 35496K, reserved 1079296K
  class space    used 4802K, capacity 5108K, committed 5120K, reserved 1048576K
Event: 9.844 GC heap after
Heap after GC invocations=8 (full 1):
 PSYoungGen      total 107008K, used 9796K [0x00000000f5580000, 0x00000000ffa00000, 0x0000000100000000)
  eden space 94720K, 0% used [0x00000000f5580000,0x00000000f5580000,0x00000000fb200000)
  from space 12288K, 79% used [0x00000000fb200000,0x00000000fbb91368,0x00000000fbe00000)
  to   space 12288K, 0% used [0x00000000fee00000,0x00000000fee00000,0x00000000ffa00000)
 ParOldGen       total 175104K, used 8137K [0x00000000e0000000, 0x00000000eab00000, 0x00000000f5580000)
  object space 175104K, 4% used [0x00000000e0000000,0x00000000e07f2578,0x00000000eab00000)
 Metaspace       used 34288K, capacity 35472K, committed 35496K, reserved 1079296K
  class space    used 4802K, capacity 5108K, committed 5120K, reserved 1048576K
}
Event: 9.844 GC heap before
{Heap before GC invocations=9 (full 2):
 PSYoungGen      total 107008K, used 9796K [0x00000000f5580000, 0x00000000ffa00000, 0x0000000100000000)
  eden space 94720K, 0% used [0x00000000f5580000,0x00000000f5580000,0x00000000fb200000)
  from space 12288K, 79% used [0x00000000fb200000,0x00000000fbb91368,0x00000000fbe00000)
  to   space 12288K, 0% used [0x00000000fee00000,0x00000000fee00000,0x00000000ffa00000)
 ParOldGen       total 175104K, used 8137K [0x00000000e0000000, 0x00000000eab00000, 0x00000000f5580000)
  object space 175104K, 4% used [0x00000000e0000000,0x00000000e07f2578,0x00000000eab00000)
 Metaspace       used 34288K, capacity 35472K, committed 35496K, reserved 1079296K
  class space    used 4802K, capacity 5108K, committed 5120K, reserved 1048576K
Event: 9.891 GC heap after
Heap after GC invocations=9 (full 2):
 PSYoungGen      total 107008K, used 0K [0x00000000f5580000, 0x00000000ffa00000, 0x0000000100000000)
  eden space 94720K, 0% used [0x00000000f5580000,0x00000000f5580000,0x00000000fb200000)
  from space 12288K, 0% used [0x00000000fb200000,0x00000000fb200000,0x00000000fbe00000)
  to   space 12288K, 0% used [0x00000000fee00000,0x00000000fee00000,0x00000000ffa00000)
 ParOldGen       total 175104K, used 16487K [0x00000000e0000000, 0x00000000eab00000, 0x00000000f5580000)
  object space 175104K, 9% used [0x00000000e0000000,0x00000000e1019e20,0x00000000eab00000)
 Metaspace       used 34288K, capacity 35472K, committed 35496K, reserved 1079296K
  class space    used 4802K, capacity 5108K, committed 5120K, reserved 1048576K
}
Event: 10.902 GC heap before
{Heap before GC invocations=10 (full 2):
 PSYoungGen      total 107008K, used 94720K [0x00000000f5580000, 0x00000000ffa00000, 0x0000000100000000)
  eden space 94720K, 100% used [0x00000000f5580000,0x00000000fb200000,0x00000000fb200000)
  from space 12288K, 0% used [0x00000000fb200000,0x00000000fb200000,0x00000000fbe00000)
  to   space 12288K, 0% used [0x00000000fee00000,0x00000000fee00000,0x00000000ffa00000)
 ParOldGen       total 175104K, used 16487K [0x00000000e0000000, 0x00000000eab00000, 0x00000000f5580000)
  object space 175104K, 9% used [0x00000000e0000000,0x00000000e1019e20,0x00000000eab00000)
 Metaspace       used 37583K, capacity 39182K, committed 39296K, reserved 1083392K
  class space    used 5282K, capacity 5653K, committed 5760K, reserved 1048576K
Event: 10.907 GC heap after
Heap after GC invocations=10 (full 2):
 PSYoungGen      total 155648K, used 5454K [0x00000000f5580000, 0x00000000ffc80000, 0x0000000100000000)
  eden space 143360K, 0% used [0x00000000f5580000,0x00000000f5580000,0x00000000fe180000)
  from space 12288K, 44% used [0x00000000fee00000,0x00000000ff353848,0x00000000ffa00000)
  to   space 12800K, 0% used [0x00000000fe180000,0x00000000fe180000,0x00000000fee00000)
 ParOldGen       total 175104K, used 16495K [0x00000000e0000000, 0x00000000eab00000, 0x00000000f5580000)
  object space 175104K, 9% used [0x00000000e0000000,0x00000000e101be20,0x00000000eab00000)
 Metaspace       used 37583K, capacity 39182K, committed 39296K, reserved 1083392K
  class space    used 5282K, capacity 5653K, committed 5760K, reserved 1048576K
}

Deoptimization events (10 events):
Event: 11.342 Thread 0x0000000018d3a000 Uncommon trap: reason=bimorphic action=maybe_recompile pc=0x0000000003376af4 method=java.lang.ClassLoader.getPackage(Ljava/lang/String;)Ljava/lang/Package; @ 47
Event: 11.342 Thread 0x0000000018d3a000 Uncommon trap: reason=bimorphic action=maybe_recompile pc=0x0000000003376af4 method=java.lang.ClassLoader.getPackage(Ljava/lang/String;)Ljava/lang/Package; @ 47
Event: 11.342 Thread 0x0000000018d3a000 Uncommon trap: reason=bimorphic action=maybe_recompile pc=0x0000000003376af4 method=java.lang.ClassLoader.getPackage(Ljava/lang/String;)Ljava/lang/Package; @ 47
Event: 11.518 Thread 0x0000000018d3a000 Uncommon trap: reason=class_check action=maybe_recompile pc=0x000000000322e470 method=java.io.BufferedInputStream.read1([BII)I @ 39
Event: 11.519 Thread 0x0000000018d3a000 Uncommon trap: reason=class_check action=maybe_recompile pc=0x000000000322e470 method=java.io.BufferedInputStream.read1([BII)I @ 39
Event: 11.519 Thread 0x0000000018d3a000 Uncommon trap: reason=class_check action=maybe_recompile pc=0x000000000322e470 method=java.io.BufferedInputStream.read1([BII)I @ 39
Event: 11.840 Thread 0x0000000018d3a000 Uncommon trap: reason=unstable_if action=reinterpret pc=0x000000000363810c method=org.objectweb.asm.ByteVector.putUTF8(Ljava/lang/String;)Lorg/objectweb/asm/ByteVector; @ 93
Event: 11.849 Thread 0x0000000018d3a000 Uncommon trap: reason=unstable_if action=reinterpret pc=0x000000000330ce90 method=org.objectweb.asm.ByteVector.putUTF8(Ljava/lang/String;)Lorg/objectweb/asm/ByteVector; @ 93
Event: 11.901 Thread 0x0000000018d3a000 Uncommon trap: reason=predicate action=maybe_recompile pc=0x00000000035f4750 method=java.util.Arrays.binarySearch0([Ljava/lang/Object;IILjava/lang/Object;Ljava/util/Comparator;)I @ 28
Event: 11.944 Thread 0x0000000018d3a000 Uncommon trap: reason=predicate action=maybe_recompile pc=0x0000000003885040 method=java.util.AbstractCollection.toArray([Ljava/lang/Object;)[Ljava/lang/Object; @ 49

Classes redefined (0 events):
No events

Internal exceptions (10 events):
Event: 11.206 Thread 0x0000000018d3a000 Exception <a 'java/lang/ClassNotFoundException': org/gradle/api/internal/artifacts/repositories/AbstractResolutionAwareArtifactRepositoryBeanInfo> (0x00000000f63172e8) thrown at [C:\cygwin64\tmp\build\source\java-1.8.0-openjdk\tmp\jdk8u\hotspot\src\share\
Event: 11.207 Thread 0x0000000018d3a000 Exception <a 'java/lang/ClassNotFoundException': org/gradle/api/internal/artifacts/repositories/AbstractArtifactRepositoryBeanInfo> (0x00000000f6383890) thrown at [C:\cygwin64\tmp\build\source\java-1.8.0-openjdk\tmp\jdk8u\hotspot\src\share\vm\classfile\sy
Event: 11.208 Thread 0x0000000018d3a000 Exception <a 'java/lang/ClassNotFoundException': org/gradle/api/internal/artifacts/repositories/AbstractArtifactRepositoryCustomizer> (0x00000000f63f38b8) thrown at [C:\cygwin64\tmp\build\source\java-1.8.0-openjdk\tmp\jdk8u\hotspot\src\share\vm\classfile\
Event: 11.210 Thread 0x0000000018d3a000 Exception <a 'java/lang/ClassNotFoundException': org/gradle/api/internal/artifacts/repositories/AbstractResolutionAwareArtifactRepositoryCustomizer> (0x00000000f6491790) thrown at [C:\cygwin64\tmp\build\source\java-1.8.0-openjdk\tmp\jdk8u\hotspot\src\shar
Event: 11.212 Thread 0x0000000018d3a000 Exception <a 'java/lang/ClassNotFoundException': org/gradle/api/internal/artifacts/repositories/AbstractAuthenticationSupportedRepositoryCustomizer> (0x00000000f65165c0) thrown at [C:\cygwin64\tmp\build\source\java-1.8.0-openjdk\tmp\jdk8u\hotspot\src\shar
Event: 11.213 Thread 0x0000000018d3a000 Exception <a 'java/lang/ClassNotFoundException': org/gradle/api/internal/artifacts/repositories/DefaultMavenArtifactRepositoryCustomizer> (0x00000000f659ec78) thrown at [C:\cygwin64\tmp\build\source\java-1.8.0-openjdk\tmp\jdk8u\hotspot\src\share\vm\classf
Event: 11.216 Thread 0x0000000018d3a000 Exception <a 'java/lang/ClassNotFoundException': org/gradle/api/internal/artifacts/repositories/DefaultMavenArtifactRepository_DecoratedCustomizer> (0x00000000f663a408) thrown at [C:\cygwin64\tmp\build\source\java-1.8.0-openjdk\tmp\jdk8u\hotspot\src\share
Event: 11.337 Thread 0x0000000018d3a000 Exception <a 'java/lang/ClassNotFoundException': build_cgn2getmfddz2vlgbwx67wjkrBeanInfo> (0x00000000f6848ea0) thrown at [C:\cygwin64\tmp\build\source\java-1.8.0-openjdk\tmp\jdk8u\hotspot\src\share\vm\classfile\systemDictionary.cpp, line 217]
Event: 11.337 Thread 0x0000000018d3a000 Exception <a 'java/lang/ClassNotFoundException': build_cgn2getmfddz2vlgbwx67wjkrCustomizer> (0x00000000f68556b0) thrown at [C:\cygwin64\tmp\build\source\java-1.8.0-openjdk\tmp\jdk8u\hotspot\src\share\vm\classfile\systemDictionary.cpp, line 217]
Event: 11.704 Thread 0x0000000018d3a000 Exception <a 'sun/nio/fs/WindowsException'> (0x00000000f7f76df8) thrown at [C:\cygwin64\tmp\build\source\java-1.8.0-openjdk\tmp\jdk8u\hotspot\src\share\vm\prims\jni.cpp, line 711]

Events (10 events):
Event: 12.173 loading class org/gradle/api/internal/artifacts/type/DefaultArtifactTypeContainer
Event: 12.173 loading class org/gradle/api/internal/artifacts/type/DefaultArtifactTypeContainer done
Event: 12.175 loading class org/gradle/api/artifacts/type/ArtifactTypeDefinition
Event: 12.175 loading class org/gradle/api/artifacts/type/ArtifactTypeDefinition done
Event: 12.181 loading class org/gradle/api/internal/artifacts/type/DefaultArtifactTypeContainer$DefaultArtifactTypeDefinition
Event: 12.181 loading class org/gradle/api/internal/artifacts/type/DefaultArtifactTypeContainer$DefaultArtifactTypeDefinition done
Event: 12.184 loading class org/gradle/api/plugins/ReportingBasePlugin
Event: 12.184 loading class org/gradle/api/plugins/ReportingBasePlugin done
Event: 12.186 loading class org/gradle/api/reporting/ReportingExtension
Event: 12.186 loading class org/gradle/api/reporting/ReportingExtension done


Dynamic libraries:
0x00007ff61ec50000 - 0x00007ff61ec85000 	C:\Program Files\OpenJDK\openjdk-8u282-b08\bin\java.exe
0x00007ffbd0310000 - 0x00007ffbd0505000 	C:\WINDOWS\SYSTEM32\ntdll.dll
0x00007ffbcf3b0000 - 0x00007ffbcf46d000 	C:\WINDOWS\System32\KERNEL32.DLL
0x00007ffbcdcb0000 - 0x00007ffbcdf78000 	C:\WINDOWS\System32\KERNELBASE.dll
0x00007ffbd0220000 - 0x00007ffbd02cc000 	C:\WINDOWS\System32\ADVAPI32.dll
0x00007ffbcf690000 - 0x00007ffbcf72e000 	C:\WINDOWS\System32\msvcrt.dll
0x00007ffbd00f0000 - 0x00007ffbd018b000 	C:\WINDOWS\System32\sechost.dll
0x00007ffbcffb0000 - 0x00007ffbd00db000 	C:\WINDOWS\System32\RPCRT4.dll
0x00007ffbcecd0000 - 0x00007ffbcee70000 	C:\WINDOWS\System32\USER32.dll
0x00007ffbce080000 - 0x00007ffbce0a2000 	C:\WINDOWS\System32\win32u.dll
0x00007ffbcf530000 - 0x00007ffbcf55a000 	C:\WINDOWS\System32\GDI32.dll
0x00007ffbcda50000 - 0x00007ffbcdb5b000 	C:\WINDOWS\System32\gdi32full.dll
0x00007ffbcdb60000 - 0x00007ffbcdbfd000 	C:\WINDOWS\System32\msvcp_win.dll
0x00007ffbcdf80000 - 0x00007ffbce080000 	C:\WINDOWS\System32\ucrtbase.dll
0x00007ffbaef30000 - 0x00007ffbaf1ca000 	C:\WINDOWS\WinSxS\amd64_microsoft.windows.common-controls_6595b64144ccf1df_6.0.19041.844_none_ca00b6081b84eb1d\COMCTL32.dll
0x00007ffbcef70000 - 0x00007ffbcefa0000 	C:\WINDOWS\System32\IMM32.DLL
0x0000000063e80000 - 0x0000000063f52000 	C:\Program Files\OpenJDK\openjdk-8u282-b08\jre\bin\msvcr100.dll
0x0000000062530000 - 0x0000000062dc5000 	C:\Program Files\OpenJDK\openjdk-8u282-b08\jre\bin\server\jvm.dll
0x00007ffbcef60000 - 0x00007ffbcef68000 	C:\WINDOWS\System32\PSAPI.DLL
0x00007ffbc3090000 - 0x00007ffbc309a000 	C:\WINDOWS\SYSTEM32\VERSION.dll
0x00007ffbb3a30000 - 0x00007ffbb3a57000 	C:\WINDOWS\SYSTEM32\WINMM.dll
0x00007ffbb8be0000 - 0x00007ffbb8be9000 	C:\WINDOWS\SYSTEM32\WSOCK32.dll
0x00007ffbcf8e0000 - 0x00007ffbcf94b000 	C:\WINDOWS\System32\WS2_32.dll
0x00007ffbb7b00000 - 0x00007ffbb7b0f000 	C:\Program Files\OpenJDK\openjdk-8u282-b08\jre\bin\verify.dll
0x00007ffbb7350000 - 0x00007ffbb7379000 	C:\Program Files\OpenJDK\openjdk-8u282-b08\jre\bin\java.dll
0x00007ffbb7330000 - 0x00007ffbb7346000 	C:\Program Files\OpenJDK\openjdk-8u282-b08\jre\bin\zip.dll
0x00007ffbce580000 - 0x00007ffbcecc2000 	C:\WINDOWS\System32\SHELL32.dll
0x00007ffbcbb70000 - 0x00007ffbcc301000 	C:\WINDOWS\SYSTEM32\windows.storage.dll
0x00007ffbcefa0000 - 0x00007ffbcf2f5000 	C:\WINDOWS\System32\combase.dll
0x00007ffbcd3f0000 - 0x00007ffbcd41c000 	C:\WINDOWS\SYSTEM32\Wldp.dll
0x00007ffbcfa70000 - 0x00007ffbcfb1e000 	C:\WINDOWS\System32\SHCORE.dll
0x00007ffbcf4d0000 - 0x00007ffbcf525000 	C:\WINDOWS\System32\shlwapi.dll
0x00007ffbcd990000 - 0x00007ffbcd9af000 	C:\WINDOWS\SYSTEM32\profapi.dll
0x00007ffbb6dc0000 - 0x00007ffbb6ddb000 	C:\Program Files\OpenJDK\openjdk-8u282-b08\jre\bin\net.dll
0x00007ffbcd160000 - 0x00007ffbcd1ca000 	C:\WINDOWS\system32\mswsock.dll
0x00007ffbb6da0000 - 0x00007ffbb6db2000 	C:\Program Files\OpenJDK\openjdk-8u282-b08\jre\bin\nio.dll
0x00007ffba32f0000 - 0x00007ffba3316000 	C:\Users\HP\.gradle\native\fdc75f09e3144964f2cf3f50f0aa648679c211496f362492102eb8c894070792\windows-amd64\native-platform.dll
0x00007ffb96c00000 - 0x00007ffb96d91000 	C:\Users\HP\.gradle\native\12488b8bf47d2d4c9fbf2f6322a914ad602e24e48041cd04a747c6da556b65c4\windows-amd64\native-platform-file-events.dll
0x00007ffbb76b0000 - 0x00007ffbb76bd000 	C:\Program Files\OpenJDK\openjdk-8u282-b08\jre\bin\management.dll
0x00007ffbcd330000 - 0x00007ffbcd348000 	C:\WINDOWS\SYSTEM32\CRYPTSP.dll
0x00007ffbccb00000 - 0x00007ffbccb34000 	C:\WINDOWS\system32\rsaenh.dll
0x00007ffbce210000 - 0x00007ffbce237000 	C:\WINDOWS\System32\bcrypt.dll
0x00007ffbcd950000 - 0x00007ffbcd97e000 	C:\WINDOWS\SYSTEM32\USERENV.dll
0x00007ffbce240000 - 0x00007ffbce2c0000 	C:\WINDOWS\System32\bcryptprimitives.dll
0x00007ffbcd350000 - 0x00007ffbcd35c000 	C:\WINDOWS\SYSTEM32\CRYPTBASE.dll
0x00007ffbcce50000 - 0x00007ffbcce8b000 	C:\WINDOWS\SYSTEM32\IPHLPAPI.DLL
0x00007ffbd00e0000 - 0x00007ffbd00e8000 	C:\WINDOWS\System32\NSI.dll
0x00007ffbbfb10000 - 0x00007ffbbfb27000 	C:\WINDOWS\SYSTEM32\dhcpcsvc6.DLL
0x00007ffbc27b0000 - 0x00007ffbc27cd000 	C:\WINDOWS\SYSTEM32\dhcpcsvc.DLL
0x00007ffbcce90000 - 0x00007ffbccf5c000 	C:\WINDOWS\SYSTEM32\DNSAPI.dll
0x00007ffbc3070000 - 0x00007ffbc307b000 	C:\WINDOWS\SYSTEM32\WINNSI.DLL

VM Arguments:
jvm_args: -XX:MaxMetaspaceSize=256m -XX:+HeapDumpOnOutOfMemoryError -Xms256m -Xmx512m -Dfile.encoding=windows-1252 -Duser.country=ID -Duser.language=en -Duser.variant 
java_command: org.gradle.launcher.daemon.bootstrap.GradleDaemon 6.7
java_class_path (initial): C:\Users\HP\.gradle\wrapper\dists\gradle-6.7-all\cuy9mc7upwgwgeb72wkcrupxe\gradle-6.7\lib\gradle-launcher-6.7.jar
Launcher Type: SUN_STANDARD

Environment Variables:
JAVA_HOME=C:\Program Files\OpenJDK\openjdk-8u282-b08
CLASSPATH=D:\final project\reactnative\travelook\android\\gradle\wrapper\gradle-wrapper.jar
PATH=D:\final project\reactnative\travelook\android\node_modules\.bin;D:\final project\reactnative\travelook\node_modules\.bin;D:\final project\reactnative\node_modules\.bin;D:\final project\node_modules\.bin;D:\node_modules\.bin;C:\Program Files\nodejs;D:\final project\reactnative\travelook\node_modules\.bin;D:\final project\reactnative\node_modules\.bin;D:\final project\node_modules\.bin;D:\node_modules\.bin;C:\Users\HP\AppData\Roaming\npm\node_modules\npm\node_modules\@npmcli\run-script\lib\node-gyp-bin;C:\Python39\Scripts\;C:\Python39\;C:\WINDOWS\system32;C:\WINDOWS;C:\WINDOWS\System32\Wbem;C:\WINDOWS\System32\WindowsPowerShell\v1.0\;C:\WINDOWS\System32\OpenSSH\;C:\ProgramData\chocolatey\bin;C:\Program Files\nodejs\;C:\Program Files\OpenJDK\openjdk-8u282-b08\bin;C:\Program Files\Git\cmd;C:\Users\HP\AppData\Local\Microsoft\WindowsApps;D:\APP Data\Microsoft VS Code\bin;C:\Users\HP\AppData\Roaming\npm;C:\Users\HP\AppData\Local\Android\Sdk\platform-tools;;D:\final project\reactnative\travelook\node_modules\.bin
USERNAME=HP
OS=Windows_NT
PROCESSOR_IDENTIFIER=Intel64 Family 6 Model 126 Stepping 5, GenuineIntel



---------------  S Y S T E M  ---------------

OS: Windows 10.0 , 64 bit Build 19041 (10.0.19041.928)

CPU:total 8 (initial active 8) (4 cores per cpu, 2 threads per core) family 6 model 126 stepping 5, cmov, cx8, fxsr, mmx, sse, sse2, sse3, ssse3, sse4.1, sse4.2, popcnt, avx, avx2, aes, clmul, erms, 3dnowpref, lzcnt, ht, tsc, tscinvbit, bmi1, bmi2, adx

Memory: 4k page, physical 8145456k(169812k free), swap 23940780k(700k free)

vm_info: OpenJDK 64-Bit Server VM (25.282-b08) for windows-amd64 JRE (1.8.0_282-b08), built on Jan 11 2021 12:17:07 by "build" with MS VC++ 10.0 (VS2010)

time: Sat May 01 16:14:35 2021
timezone: China Standard Time
elapsed time: 12.206234 seconds (0d 0h 0m 12s)

